app/build/intermediates/manifest_merge_blame_file/debug/manifest-merger-blame-debug-report.txt
1<?xml version="1.0" encoding="utf-8"?>
2<manifest xmlns:android="http://schemas.android.com/apk/res/android"
3    package="com.qrhunter"
4    android:versionCode="1"
5    android:versionName="1.0" >
6
7    <uses-sdk
8        android:minSdkVersion="21"
8-->src\main\AndroidManifest.xml
9        android:targetSdkVersion="32" />
9-->src\main\AndroidManifest.xml
10
11    <uses-feature android:name="android.hardware.camera.any" />
11-->src\main\AndroidManifest.xml:5:5-64
11-->src\main\AndroidManifest.xml:5:19-61
12
13    <uses-permission android:name="android.permission.CAMERA" />
13-->src\main\AndroidManifest.xml:7:5-65
13-->src\main\AndroidManifest.xml:7:22-62
14    <uses-permission android:name="android.permission.ACCESS_COARSE_LOCATION" />
14-->src\main\AndroidManifest.xml:8:5-81
14-->src\main\AndroidManifest.xml:8:22-78
15
16    <!-- Although the *SdkVersion is captured in gradle build files, this is required for non gradle builds -->
17    <!-- <uses-sdk android:minSdkVersion="14" /> -->
18    <uses-permission android:name="android.permission.ACCESS_NETWORK_STATE" />
18-->[com.google.firebase:firebase-firestore:24.0.1] AndroidManifest.xml:13:5-79
18-->[com.google.firebase:firebase-firestore:24.0.1] AndroidManifest.xml:13:22-76
19    <uses-permission android:name="android.permission.INTERNET" /> <!-- Don't require camera, as this requires a rear camera. This allows it to work on the Nexus 7 -->
19-->[com.google.firebase:firebase-firestore:24.0.1] AndroidManifest.xml:14:5-67
19-->[com.google.firebase:firebase-firestore:24.0.1] AndroidManifest.xml:14:22-64
20    <uses-feature
20-->[com.journeyapps:zxing-android-embedded:3.3.0] AndroidManifest.xml:24:5-26:36
21        android:name="android.hardware.camera"
21-->[com.journeyapps:zxing-android-embedded:3.3.0] AndroidManifest.xml:25:9-47
22        android:required="false" />
22-->[com.journeyapps:zxing-android-embedded:3.3.0] AndroidManifest.xml:26:9-33
23    <uses-feature
23-->[com.journeyapps:zxing-android-embedded:3.3.0] AndroidManifest.xml:27:5-29:36
24        android:name="android.hardware.camera.front"
24-->[com.journeyapps:zxing-android-embedded:3.3.0] AndroidManifest.xml:28:9-53
25        android:required="false" /> <!-- TODO replace above two with next line after Android 4.2 -->
25-->[com.journeyapps:zxing-android-embedded:3.3.0] AndroidManifest.xml:29:9-33
26    <!-- <uses-feature android:name="android.hardware.camera.any"/> -->
27    <uses-feature
27-->[com.journeyapps:zxing-android-embedded:3.3.0] AndroidManifest.xml:32:5-34:36
28        android:name="android.hardware.camera.autofocus"
28-->[com.journeyapps:zxing-android-embedded:3.3.0] AndroidManifest.xml:33:9-57
29        android:required="false" />
29-->[com.journeyapps:zxing-android-embedded:3.3.0] AndroidManifest.xml:34:9-33
30    <uses-feature
30-->[com.journeyapps:zxing-android-embedded:3.3.0] AndroidManifest.xml:35:5-37:36
31        android:name="android.hardware.camera.flash"
31-->[com.journeyapps:zxing-android-embedded:3.3.0] AndroidManifest.xml:36:9-53
32        android:required="false" />
32-->[com.journeyapps:zxing-android-embedded:3.3.0] AndroidManifest.xml:37:9-33
33    <uses-feature
33-->[com.journeyapps:zxing-android-embedded:3.3.0] AndroidManifest.xml:38:5-40:36
34        android:name="android.hardware.screen.landscape"
34-->[com.journeyapps:zxing-android-embedded:3.3.0] AndroidManifest.xml:39:9-57
35        android:required="false" />
35-->[com.journeyapps:zxing-android-embedded:3.3.0] AndroidManifest.xml:40:9-33
36    <uses-feature
36-->[com.journeyapps:zxing-android-embedded:3.3.0] AndroidManifest.xml:41:5-43:36
37        android:name="android.hardware.wifi"
37-->[com.journeyapps:zxing-android-embedded:3.3.0] AndroidManifest.xml:42:9-45
38        android:required="false" />
38-->[com.journeyapps:zxing-android-embedded:3.3.0] AndroidManifest.xml:43:9-33
39
40    <application
40-->src\main\AndroidManifest.xml:10:5-35:19
41        android:allowBackup="true"
41-->src\main\AndroidManifest.xml:11:9-35
42        android:appComponentFactory="androidx.core.app.CoreComponentFactory"
42-->[androidx.core:core:1.7.0] AndroidManifest.xml:24:18-86
43        android:dataExtractionRules="@xml/data_extraction_rules"
43-->src\main\AndroidManifest.xml:12:9-65
44        android:debuggable="true"
45        android:fullBackupContent="@xml/backup_rules"
45-->src\main\AndroidManifest.xml:13:9-54
46        android:icon="@mipmap/ic_launcher"
46-->src\main\AndroidManifest.xml:14:9-43
47        android:label="@string/app_name"
47-->src\main\AndroidManifest.xml:15:9-41
48        android:roundIcon="@mipmap/ic_launcher_round"
48-->src\main\AndroidManifest.xml:16:9-54
49        android:supportsRtl="true"
49-->src\main\AndroidManifest.xml:17:9-35
50        android:testOnly="true"
51        android:theme="@style/Theme.QRHunter" >
51-->src\main\AndroidManifest.xml:18:9-46
52        <activity
52-->src\main\AndroidManifest.xml:20:9-23:71
53            android:name="com.qrhunter.HomeActivity"
53-->src\main\AndroidManifest.xml:21:13-41
54            android:exported="false"
54-->src\main\AndroidManifest.xml:22:13-37
55            android:theme="@style/Theme.AppCompat.Light.NoActionBar" />
55-->src\main\AndroidManifest.xml:23:13-69
56        <activity
56-->src\main\AndroidManifest.xml:24:9-32:20
57            android:name="com.qrhunter.MainActivity"
57-->src\main\AndroidManifest.xml:25:13-41
58            android:exported="true" >
58-->src\main\AndroidManifest.xml:26:13-36
59            <intent-filter>
59-->src\main\AndroidManifest.xml:27:13-31:29
60                <action android:name="android.intent.action.MAIN" />
60-->src\main\AndroidManifest.xml:28:17-69
60-->src\main\AndroidManifest.xml:28:25-66
61
62                <category android:name="android.intent.category.LAUNCHER" />
62-->src\main\AndroidManifest.xml:30:17-77
62-->src\main\AndroidManifest.xml:30:27-74
63            </intent-filter>
64        </activity>
65        <activity
65-->src\main\AndroidManifest.xml:34:9-74
66            android:name="com.qrhunter.UserActivity"
66-->src\main\AndroidManifest.xml:34:19-47
67            android:exported="false" />
67-->src\main\AndroidManifest.xml:34:48-72
68
69        <service
69-->[com.google.firebase:firebase-firestore:24.0.1] AndroidManifest.xml:17:9-23:19
70            android:name="com.google.firebase.components.ComponentDiscoveryService"
70-->[com.google.firebase:firebase-firestore:24.0.1] AndroidManifest.xml:18:13-84
71            android:directBootAware="true"
71-->[com.google.firebase:firebase-common:20.0.0] AndroidManifest.xml:35:13-43
72            android:exported="false" >
72-->[com.google.firebase:firebase-firestore:24.0.1] AndroidManifest.xml:19:13-37
73            <meta-data
73-->[com.google.firebase:firebase-firestore:24.0.1] AndroidManifest.xml:20:13-22:85
74                android:name="com.google.firebase.components:com.google.firebase.firestore.FirestoreRegistrar"
74-->[com.google.firebase:firebase-firestore:24.0.1] AndroidManifest.xml:21:17-111
75                android:value="com.google.firebase.components.ComponentRegistrar" />
75-->[com.google.firebase:firebase-firestore:24.0.1] AndroidManifest.xml:22:17-82
76            <meta-data
76-->[com.google.firebase:firebase-storage:20.0.0] AndroidManifest.xml:33:13-35:85
77                android:name="com.google.firebase.components:com.google.firebase.storage.StorageRegistrar"
77-->[com.google.firebase:firebase-storage:20.0.0] AndroidManifest.xml:34:17-107
78                android:value="com.google.firebase.components.ComponentRegistrar" />
78-->[com.google.firebase:firebase-storage:20.0.0] AndroidManifest.xml:35:17-82
79        </service>
80
81        <activity
81-->[com.journeyapps:zxing-android-embedded:3.3.0] AndroidManifest.xml:46:9-52:63
82            android:name="com.journeyapps.barcodescanner.CaptureActivity"
82-->[com.journeyapps:zxing-android-embedded:3.3.0] AndroidManifest.xml:47:13-74
83            android:clearTaskOnLaunch="true"
83-->[com.journeyapps:zxing-android-embedded:3.3.0] AndroidManifest.xml:48:13-45
84            android:screenOrientation="sensorLandscape"
84-->[com.journeyapps:zxing-android-embedded:3.3.0] AndroidManifest.xml:49:13-56
85            android:stateNotNeeded="true"
85-->[com.journeyapps:zxing-android-embedded:3.3.0] AndroidManifest.xml:50:13-42
86            android:theme="@style/zxing_CaptureTheme"
86-->[com.journeyapps:zxing-android-embedded:3.3.0] AndroidManifest.xml:51:13-54
87            android:windowSoftInputMode="stateAlwaysHidden" />
87-->[com.journeyapps:zxing-android-embedded:3.3.0] AndroidManifest.xml:52:13-60
88
89        <provider
89-->[com.google.firebase:firebase-common:20.0.0] AndroidManifest.xml:26:9-31:39
90            android:name="com.google.firebase.provider.FirebaseInitProvider"
90-->[com.google.firebase:firebase-common:20.0.0] AndroidManifest.xml:27:13-77
91            android:authorities="com.qrhunter.firebaseinitprovider"
91-->[com.google.firebase:firebase-common:20.0.0] AndroidManifest.xml:28:13-72
92            android:directBootAware="true"
92-->[com.google.firebase:firebase-common:20.0.0] AndroidManifest.xml:29:13-43
93            android:exported="false"
93-->[com.google.firebase:firebase-common:20.0.0] AndroidManifest.xml:30:13-37
94            android:initOrder="100" />
94-->[com.google.firebase:firebase-common:20.0.0] AndroidManifest.xml:31:13-36
95
96        <activity
96-->[com.google.android.gms:play-services-base:17.1.0] AndroidManifest.xml:23:9-26:75
97            android:name="com.google.android.gms.common.api.GoogleApiActivity"
97-->[com.google.android.gms:play-services-base:17.1.0] AndroidManifest.xml:24:13-79
98            android:exported="false"
98-->[com.google.android.gms:play-services-base:17.1.0] AndroidManifest.xml:25:13-37
99            android:theme="@android:style/Theme.Translucent.NoTitleBar" />
99-->[com.google.android.gms:play-services-base:17.1.0] AndroidManifest.xml:26:13-72
100
101        <meta-data
101-->[com.google.android.gms:play-services-basement:17.0.0] AndroidManifest.xml:23:9-25:69
102            android:name="com.google.android.gms.version"
102-->[com.google.android.gms:play-services-basement:17.0.0] AndroidManifest.xml:24:13-58
103            android:value="@integer/google_play_services_version" />
103-->[com.google.android.gms:play-services-basement:17.0.0] AndroidManifest.xml:25:13-66
104
105        <provider
105-->[androidx.emoji2:emoji2:1.0.0] AndroidManifest.xml:26:9-34:20
106            android:name="androidx.startup.InitializationProvider"
106-->[androidx.emoji2:emoji2:1.0.0] AndroidManifest.xml:27:13-67
107            android:authorities="com.qrhunter.androidx-startup"
107-->[androidx.emoji2:emoji2:1.0.0] AndroidManifest.xml:28:13-68
108            android:exported="false" >
108-->[androidx.emoji2:emoji2:1.0.0] AndroidManifest.xml:29:13-37
109            <meta-data
109-->[androidx.emoji2:emoji2:1.0.0] AndroidManifest.xml:31:13-33:52
110                android:name="androidx.emoji2.text.EmojiCompatInitializer"
110-->[androidx.emoji2:emoji2:1.0.0] AndroidManifest.xml:32:17-75
111                android:value="androidx.startup" />
111-->[androidx.emoji2:emoji2:1.0.0] AndroidManifest.xml:33:17-49
112            <meta-data
112-->[androidx.lifecycle:lifecycle-process:2.4.0] AndroidManifest.xml:31:13-33:52
113                android:name="androidx.lifecycle.ProcessLifecycleInitializer"
113-->[androidx.lifecycle:lifecycle-process:2.4.0] AndroidManifest.xml:32:17-78
114                android:value="androidx.startup" />
114-->[androidx.lifecycle:lifecycle-process:2.4.0] AndroidManifest.xml:33:17-49
115        </provider>
116    </application>
117
118</manifest>